<?xml version="1.0" encoding="UTF-8"?>
<testng-results ignored="0" total="1" passed="1" failed="0" skipped="0">
  <reporter-output>
  </reporter-output>
  <suite started-at="2019-01-17T04:34:44Z" name="nopCommerce" finished-at="2019-01-17T04:36:29Z" duration-ms="104577">
    <groups>
    </groups>
    <test started-at="2019-01-17T04:34:44Z" name="nopCommerce Test1" finished-at="2019-01-17T04:36:29Z" duration-ms="104577">
      <class name="com.nopCommerce.testClass.TC_LoginTest_001">
        <test-method is-config="true" signature="setup(java.lang.String)[pri:0, instance:com.nopCommerce.testClass.TC_LoginTest_001@16293aa2]" started-at="2019-01-17T04:34:45Z" name="setup" finished-at="2019-01-17T04:35:40Z" duration-ms="54522" status="PASS">
          <params>
            <param index="0">
              <value>
                <![CDATA[chrome]]>
              </value>
            </param>
          </params>
          <reporter-output>
          </reporter-output>
        </test-method> <!-- setup -->
        <test-method signature="loginTest()[pri:0, instance:com.nopCommerce.testClass.TC_LoginTest_001@16293aa2]" started-at="2019-01-17T04:35:40Z" name="loginTest" finished-at="2019-01-17T04:36:27Z" duration-ms="46779" status="PASS">
          <reporter-output>
          </reporter-output>
        </test-method> <!-- loginTest -->
        <test-method is-config="true" signature="tearDown()[pri:0, instance:com.nopCommerce.testClass.TC_LoginTest_001@16293aa2]" started-at="2019-01-17T04:36:27Z" name="tearDown" finished-at="2019-01-17T04:36:29Z" duration-ms="1786" status="PASS">
          <reporter-output>
          </reporter-output>
        </test-method> <!-- tearDown -->
      </class> <!-- com.nopCommerce.testClass.TC_LoginTest_001 -->
    </test> <!-- nopCommerce Test1 -->
  </suite> <!-- nopCommerce -->
</testng-results>
