<?xml version="1.0" encoding="UTF-8"?>
<testng-results ignored="0" total="1" passed="1" failed="0" skipped="0">
  <reporter-output>
  </reporter-output>
  <suite started-at="2019-01-12T05:54:06Z" name="nopCommerce" finished-at="2019-01-12T05:54:35Z" duration-ms="29142">
    <groups>
    </groups>
    <test started-at="2019-01-12T05:54:06Z" name="nopCommerce Test1" finished-at="2019-01-12T05:54:35Z" duration-ms="29142">
      <class name="com.nopCommerce.testClass.TC_LoginTest_001">
        <test-method is-config="true" signature="setup(java.lang.String)[pri:0, instance:com.nopCommerce.testClass.TC_LoginTest_001@2638011]" started-at="2019-01-12T05:54:07Z" name="setup" finished-at="2019-01-12T05:54:15Z" duration-ms="7631" status="PASS">
          <params>
            <param index="0">
              <value>
                <![CDATA[chrome]]>
              </value>
            </param>
          </params>
          <reporter-output>
          </reporter-output>
        </test-method> <!-- setup -->
        <test-method signature="loginTest()[pri:0, instance:com.nopCommerce.testClass.TC_LoginTest_001@2638011]" started-at="2019-01-12T05:54:15Z" name="loginTest" finished-at="2019-01-12T05:54:34Z" duration-ms="19097" status="PASS">
          <reporter-output>
          </reporter-output>
        </test-method> <!-- loginTest -->
        <test-method is-config="true" signature="tearDown()[pri:0, instance:com.nopCommerce.testClass.TC_LoginTest_001@2638011]" started-at="2019-01-12T05:54:34Z" name="tearDown" finished-at="2019-01-12T05:54:35Z" duration-ms="1197" status="PASS">
          <reporter-output>
          </reporter-output>
        </test-method> <!-- tearDown -->
      </class> <!-- com.nopCommerce.testClass.TC_LoginTest_001 -->
    </test> <!-- nopCommerce Test1 -->
  </suite> <!-- nopCommerce -->
</testng-results>
